<?xml version="1.0" encoding="UTF-8"?>
<!-- Generated by org.testng.reporters.JUnitReportReporter -->
<testsuite hostname="GAJENDRA-LAPTOP" failures="0" tests="4" name="com.automate.tests.LoginTest" time="13.377" errors="0" timestamp="2023-10-13T09:15:20 IST" skipped="0">
  <testcase classname="com.automate.tests.LoginTest" name="TitleTest" time="0.039"/>
  <system-out/>
  <testcase classname="com.automate.tests.LoginTest" name="TitleTest" time="0.011"/>
  <system-out/>
  <testcase classname="com.automate.tests.LoginTest" name="doLoginTest" time="12.094"/>
  <system-out/>
  <testcase classname="com.automate.tests.LoginTest" name="doLoginTest" time="1.233"/>
  <system-out/>
</testsuite> <!-- com.automate.tests.LoginTest -->
